<?xml version="1.0" encoding="utf-8"?><testsuites name="pytest tests"><testsuite name="pytest" errors="0" failures="0" skipped="0" tests="8" time="1.767" timestamp="2026-08-11T13:09:46.127363+00:00" hostname="agent-env-ae67dcc1-23ca-4f00-a6d0-690f60f18768"><testcase classname="tests.test_contact" name="test_root" time="0.340" /><testcase classname="tests.test_contact" name="test_contact_valid" time="0.328" /><testcase classname="tests.test_contact" name="test_contact_invalid_email" time="0.057" /><testcase classname="tests.test_contact" name="test_contact_missing_or_empty_fields[payload0]" time="0.059" /><testcase classname="tests.test_contact" name="test_contact_missing_or_empty_fields[payload1]" time="0.060" /><testcase classname="tests.test_contact" name="test_contact_missing_or_empty_fields[payload2]" time="0.054" /><testcase classname="tests.test_contact" name="test_contact_missing_or_empty_fields[payload3]" time="0.054" /><testcase classname="tests.test_contact" name="test_contact_missing_or_empty_fields[payload4]" time="0.054" /></testsuite></testsuites>